<?xml version="1.0" encoding="UTF-8"?>
<!-- Generated by org.testng.reporters.JUnitXMLReporter -->
<testsuite hostname="WINCTRL-DBGLLAU" ignored="4" name="Test" tests="2" failures="0" timestamp="2021-09-23T10:49:03 IST" time="0.055" errors="0">
  <testcase name="createContactTest" time="0.005" classname="com.Contact.TC_01_CreateContactTest"/>
  <testcase name="createOrgTest" time="0.0" classname="com.Organisation.TC_01_CreateOrgTest"/>
  <testcase name="createContactWithOrgTest" time="0.0" classname="com.Contact.TC_01_CreateContactTest">
    <ignored/>
  </testcase> <!-- createContactWithOrgTest -->
  <testcase name="deleteOrgTest" time="0.0" classname="com.Organisation.TC_01_CreateOrgTest">
    <ignored/>
  </testcase> <!-- deleteOrgTest -->
  <testcase name="createOrgWithIndTest" time="0.0" classname="com.Organisation.TC_01_CreateOrgTest">
    <ignored/>
  </testcase> <!-- createOrgWithIndTest -->
  <testcase name="deleteContactTest" time="0.0" classname="com.Contact.TC_01_CreateContactTest">
    <ignored/>
  </testcase> <!-- deleteContactTest -->
</testsuite> <!-- Test -->
