<?xml version="1.0" encoding="UTF-8"?>
<!-- Generated by org.testng.reporters.JUnitXMLReporter -->
<testsuite hostname="WINCTRL-DBGLLAU" ignored="0" name="Test" tests="3" failures="0" timestamp="2021-09-23T10:08:00 IST" time="0.046" errors="0">
  <testcase name="createContactTest" time="0.004" classname="com.Contact.TC_01_CreateContactTest"/>
  <testcase name="createContactWithOrgTest" time="0.0" classname="com.Contact.TC_01_CreateContactTest"/>
  <testcase name="deleteContactTest" time="0.001" classname="com.Contact.TC_01_CreateContactTest"/>
</testsuite> <!-- Test -->
