<?xml version="1.0" encoding="UTF-8"?>
<testng-results skipped="0" failed="0" ignored="0" total="3" passed="3">
  <reporter-output>
  </reporter-output>
  <suite name="Suite" duration-ms="46" started-at="2021-09-23T10:08:00 IST" finished-at="2021-09-23T10:08:00 IST">
    <groups>
      <group name="SmokeTest">
        <method signature="TC_01_CreateContactTest.createContactTest()[pri:0, instance:com.Contact.TC_01_CreateContactTest@91161c7]" name="createContactTest" class="com.Contact.TC_01_CreateContactTest"/>
      </group> <!-- SmokeTest -->
      <group name="RegressionTest">
        <method signature="TC_01_CreateContactTest.createContactWithOrgTest()[pri:0, instance:com.Contact.TC_01_CreateContactTest@91161c7]" name="createContactWithOrgTest" class="com.Contact.TC_01_CreateContactTest"/>
        <method signature="TC_01_CreateContactTest.deleteContactTest()[pri:0, instance:com.Contact.TC_01_CreateContactTest@91161c7]" name="deleteContactTest" class="com.Contact.TC_01_CreateContactTest"/>
      </group> <!-- RegressionTest -->
    </groups>
    <test name="Test" duration-ms="46" started-at="2021-09-23T10:08:00 IST" finished-at="2021-09-23T10:08:00 IST">
      <class name="com.Contact.TC_01_CreateContactTest">
        <test-method status="PASS" signature="createContactTest()[pri:0, instance:com.Contact.TC_01_CreateContactTest@91161c7]" name="createContactTest" duration-ms="4" started-at="2021-09-23T10:08:00 IST" finished-at="2021-09-23T10:08:00 IST">
          <reporter-output>
          </reporter-output>
        </test-method> <!-- createContactTest -->
        <test-method status="PASS" signature="deleteContactTest()[pri:0, instance:com.Contact.TC_01_CreateContactTest@91161c7]" name="deleteContactTest" duration-ms="1" started-at="2021-09-23T10:08:00 IST" finished-at="2021-09-23T10:08:00 IST">
          <reporter-output>
          </reporter-output>
        </test-method> <!-- deleteContactTest -->
        <test-method status="PASS" signature="createContactWithOrgTest()[pri:0, instance:com.Contact.TC_01_CreateContactTest@91161c7]" name="createContactWithOrgTest" duration-ms="0" started-at="2021-09-23T10:08:00 IST" finished-at="2021-09-23T10:08:00 IST">
          <reporter-output>
          </reporter-output>
        </test-method> <!-- createContactWithOrgTest -->
      </class> <!-- com.Contact.TC_01_CreateContactTest -->
    </test> <!-- Test -->
  </suite> <!-- Suite -->
</testng-results>
