<?xml version="1.0" encoding="UTF-8"?>
<testng-results skipped="0" failed="0" ignored="4" total="6" passed="2">
  <reporter-output>
  </reporter-output>
  <suite name="Suite" duration-ms="55" started-at="2021-09-23T10:49:03 IST" finished-at="2021-09-23T10:49:03 IST">
    <groups>
      <group name="SmokeTest">
        <method signature="TC_01_CreateContactTest.createContactTest()[pri:0, instance:com.Contact.TC_01_CreateContactTest@6093dd95]" name="createContactTest" class="com.Contact.TC_01_CreateContactTest"/>
        <method signature="TC_01_CreateOrgTest.createOrgTest()[pri:0, instance:com.Organisation.TC_01_CreateOrgTest@77cd7a0]" name="createOrgTest" class="com.Organisation.TC_01_CreateOrgTest"/>
      </group> <!-- SmokeTest -->
    </groups>
    <test name="Test" duration-ms="55" started-at="2021-09-23T10:49:03 IST" finished-at="2021-09-23T10:49:03 IST">
      <class name="com.Organisation.TC_01_CreateOrgTest">
        <test-method status="PASS" signature="createOrgTest()[pri:0, instance:com.Organisation.TC_01_CreateOrgTest@77cd7a0]" name="createOrgTest" duration-ms="0" started-at="2021-09-23T10:49:03 IST" finished-at="2021-09-23T10:49:03 IST">
          <reporter-output>
          </reporter-output>
        </test-method> <!-- createOrgTest -->
      </class> <!-- com.Organisation.TC_01_CreateOrgTest -->
      <class name="com.Contact.TC_01_CreateContactTest">
        <test-method status="PASS" signature="createContactTest()[pri:0, instance:com.Contact.TC_01_CreateContactTest@6093dd95]" name="createContactTest" duration-ms="5" started-at="2021-09-23T10:49:03 IST" finished-at="2021-09-23T10:49:03 IST">
          <reporter-output>
          </reporter-output>
        </test-method> <!-- createContactTest -->
      </class> <!-- com.Contact.TC_01_CreateContactTest -->
    </test> <!-- Test -->
  </suite> <!-- Suite -->
</testng-results>
